2024-12-04 17:19:44,874 - INFO - Starting App
2024-12-04 17:20:05,959 - INFO - Starting App
2024-12-04 17:23:05,429 - INFO - Starting App
2024-12-04 17:23:23,745 - INFO - Method=get;Name=Register;Cookies:{}
2024-12-04 17:24:17,565 - INFO - Method=get;Name=Register;Cookies:{}
2024-12-04 17:25:33,218 - INFO - Method=get;Name=Register;Cookies:{'username': 'test'}
{"message": "Starting App", "taskName": null}
{"asctime": "2024-12-04 17:35:44,868", "levelname": "INFO", "message": "Method=get;Name=Register;Cookies:{}", "taskName": "Task-6"}
{"asctime": "2024-12-04 18:13:05,600", "levelname": "INFO", "message": "Starting App", "taskName": null}
{"asctime": "2024-12-04 18:13:22,995", "levelname": "INFO", "message": "Method=get;Name=Register;Cookies:{}", "taskName": "Task-4"}
{"asctime": "2024-12-04 18:13:26,982", "levelname": "INFO", "message": "Method=get;Name=Register;Cookies:{}", "taskName": "Task-5"}
{"asctime": "2024-12-04 18:14:34,004", "levelname": "INFO", "message": "Starting App", "taskName": null}
{"asctime": "2024-12-04 18:14:35,634", "levelname": "INFO", "message": "Starting App", "taskName": null}
{"asctime": "2024-12-04 18:16:22,955", "levelname": "INFO", "message": "Starting App", "taskName": null}
{"asctime": "2024-12-04 18:17:23,848", "levelname": "INFO", "message": "Starting App", "taskName": null}
{"asctime": "2024-12-04 18:17:50,021", "levelname": "INFO", "message": "Starting App", "taskName": null}
{"asctime": "2024-12-04 18:20:08,527", "levelname": "INFO", "message": "Starting App", "taskName": null}
{"asctime": "2024-12-04 18:23:46,905", "levelname": "INFO", "message": "Starting App", "taskName": null}
{"asctime": "2024-12-04 18:24:56,743", "levelname": "INFO", "message": "Starting App", "taskName": null}
{"asctime": "2024-12-04 18:26:22,309", "levelname": "INFO", "message": "Starting App", "taskName": null}
{"asctime": "2024-12-04 18:27:18,091", "levelname": "INFO", "message": "Starting App", "taskName": null}
{"asctime": "2024-12-04 18:35:08,667", "levelname": "INFO", "message": "Starting App", "taskName": null}
{"asctime": "2024-12-04 18:35:35,377", "levelname": "INFO", "message": "Starting App", "taskName": null}
{"asctime": "2024-12-04 18:37:37,892", "levelname": "INFO", "message": "Starting App", "taskName": null}
{"asctime": "2024-12-04 18:40:13,024", "levelname": "INFO", "message": "Starting App", "taskName": null}
{"asctime": "2024-12-04 18:40:53,548", "levelname": "INFO", "message": "Starting App", "taskName": null}
{"asctime": "2024-12-04 18:40:57,115", "levelname": "INFO", "message": "Starting App", "taskName": null}
{"asctime": "2024-12-04 18:41:21,611", "levelname": "INFO", "message": "Method=get;Name=Register;Cookies:{}", "taskName": "Task-10"}
{"asctime": "2024-12-04 18:41:51,278", "levelname": "INFO", "message": "Method=get;Name=Register;Cookies:{}", "taskName": "Task-12"}
{"asctime": "2024-12-04 18:41:53,109", "levelname": "INFO", "message": "Method=get;Name=Register;Cookies:{}", "taskName": "Task-13"}
{"asctime": "2024-12-04 18:42:15,557", "levelname": "INFO", "message": "Method=get;Name=Register;Cookies:{}", "taskName": "Task-17"}
